<?xml version="1.0" encoding="UTF-8"?>
<!-- Generated by org.testng.reporters.JUnitReportReporter -->
<testsuite skipped="0" hostname="DESKTOP-0KBR3DP" name="com.demo.DemoProject.AppTest" tests="2" failures="0" timestamp="09 Sep 2021 07:03:06 GMT" time="10.687" errors="0">
  <testcase name="testFirstURL" time="6.765" classname="com.demo.DemoProject.AppTest"/>
  <testcase name="testSecondURL" time="3.922" classname="com.demo.DemoProject.AppTest"/>
</testsuite> <!-- com.demo.DemoProject.AppTest -->
