<?xml version="1.0" encoding="UTF-8"?>
<!-- Generated by org.testng.reporters.JUnitReportReporter -->
<testsuite skipped="0" hostname="DESKTOP-0KBR3DP" name="com.google.tests.GoogleHomePageTest" tests="1" failures="0" timestamp="20 Sep 2021 05:29:09 GMT" time="3.747" errors="0">
  <testcase name="verifyGooglePageTittle" time="3.747" classname="com.google.tests.GoogleHomePageTest"/>
</testsuite> <!-- com.google.tests.GoogleHomePageTest -->
